C51 COMPILER V9.54   MATRIXKEY                                                             12/05/2022 10:14:56 PAGE 1   


C51 COMPILER V9.54, COMPILATION OF MODULE MATRIXKEY
OBJECT MODULE PLACED IN .\Objects\MatrixKey.obj
COMPILER INVOKED BY: E:\k51\C51\BIN\C51.EXE ..\6-1 æÿ’Ûº¸≈Ã\MatrixKey.c OPTIMIZE(8,SPEED) BROWSE DEBUG OBJECTEXTEND PRIN
                    -T(.\Listings\MatrixKey.lst) TABS(2) OBJECT(.\Objects\MatrixKey.obj)

line level    source

   1          #include <REGX52.H>
   2          #include "Delay.h"
   3          
   4          unsigned char MatrixKey()
   5          {
   6   1        unsigned char KeyNumber=0;
   7   1        P1 = 0xFF;
   8   1        P1_3=0;
   9   1        if(P1_7==0) {Delay(20);while(P1_7==0);Delay(20);KeyNumber=1;}
  10   1        if(P1_6==0) {Delay(20);while(P1_6==0);Delay(20);KeyNumber=5;}
  11   1        if(P1_5==0) {Delay(20);while(P1_5==0);Delay(20);KeyNumber=9;}
  12   1        if(P1_4==0) {Delay(20);while(P1_4==0);Delay(20);KeyNumber=13;}
  13   1        
  14   1        P1 = 0xFF;
  15   1        P1_2=0;
  16   1        if(P1_7==0) {Delay(20);while(P1_7==0);Delay(20);KeyNumber=2;}
  17   1        if(P1_6==0) {Delay(20);while(P1_6==0);Delay(20);KeyNumber=6;}
  18   1        if(P1_5==0) {Delay(20);while(P1_5==0);Delay(20);KeyNumber=10;}
  19   1        if(P1_4==0) {Delay(20);while(P1_4==0);Delay(20);KeyNumber=14;}
  20   1        
  21   1        P1 = 0xFF;
  22   1        P1_1=0;
  23   1        if(P1_7==0) {Delay(20);while(P1_7==0);Delay(20);KeyNumber=3;}
  24   1        if(P1_6==0) {Delay(20);while(P1_6==0);Delay(20);KeyNumber=7;}
  25   1        if(P1_5==0) {Delay(20);while(P1_5==0);Delay(20);KeyNumber=11;}
  26   1        if(P1_4==0) {Delay(20);while(P1_4==0);Delay(20);KeyNumber=15;}
  27   1        
  28   1        P1 = 0xFF;
  29   1        P1_0=0;
  30   1        if(P1_7==0) {Delay(20);while(P1_7==0);Delay(20);KeyNumber=4;}
  31   1        if(P1_6==0) {Delay(20);while(P1_6==0);Delay(20);KeyNumber=8;}
  32   1        if(P1_5==0) {Delay(20);while(P1_5==0);Delay(20);KeyNumber=12;}
  33   1        if(P1_4==0) {Delay(20);while(P1_4==0);Delay(20);KeyNumber=16;}
  34   1        
  35   1        return KeyNumber;
  36   1      }


MODULE INFORMATION:   STATIC OVERLAYABLE
   CODE SIZE        =    393    ----
   CONSTANT SIZE    =   ----    ----
   XDATA SIZE       =   ----    ----
   PDATA SIZE       =   ----    ----
   DATA SIZE        =   ----       1
   IDATA SIZE       =   ----    ----
   BIT SIZE         =   ----    ----
END OF MODULE INFORMATION.


C51 COMPILATION COMPLETE.  0 WARNING(S),  0 ERROR(S)
