C51 COMPILER V9.54   I2C                                                                   12/12/2022 18:58:13 PAGE 1   


C51 COMPILER V9.54, COMPILATION OF MODULE I2C
OBJECT MODULE PLACED IN .\Objects\I2C.obj
COMPILER INVOKED BY: E:\k51\C51\BIN\C51.EXE I2C.c OPTIMIZE(8,SPEED) BROWSE DEBUG OBJECTEXTEND PRINT(.\Listings\I2C.lst) 
                    -TABS(2) OBJECT(.\Objects\I2C.obj)

line level    source

   1          #include <REGX52.H>
   2          
   3          //引脚定义
   4          sbit I2C_SCL=P2^1;
   5          sbit I2C_SDA=P2^0;
   6          
   7          /**
   8            * @brief  I2C开始
   9            * @param  无
  10            * @retval 无
  11            */
  12          void I2C_Start(void)
  13          {
  14   1        I2C_SDA=1;
  15   1        I2C_SCL=1;
  16   1        I2C_SDA=0;
  17   1        I2C_SCL=0;
  18   1      }
  19          
  20          /**
  21            * @brief  I2C停止
  22            * @param  无
  23            * @retval 无
  24            */
  25          void I2C_Stop(void)
  26          {
  27   1        I2C_SDA=0;
  28   1        I2C_SCL=1;
  29   1        I2C_SDA=1;
  30   1      }
  31          
  32          /**
  33            * @brief  I2C发送一个字节
  34            * @param  Byte 要发送的字节
  35            * @retval 无
  36            */
  37          void I2C_SendByte(unsigned char Byte)
  38          {
  39   1        unsigned char i;
  40   1        for(i=0;i<8;i++)
  41   1        {
  42   2          I2C_SDA=Byte&(0x80>>i);
  43   2          I2C_SCL=1;
  44   2          I2C_SCL=0;
  45   2        }
  46   1      }
  47          
  48          /**
  49            * @brief  I2C接收一个字节
  50            * @param  无
  51            * @retval 接收到的一个字节数据
  52            */
  53          unsigned char I2C_ReceiveByte(void)
  54          {
C51 COMPILER V9.54   I2C                                                                   12/12/2022 18:58:13 PAGE 2   

  55   1        unsigned char i,Byte=0x00;
  56   1        I2C_SDA=1;
  57   1        for(i=0;i<8;i++)
  58   1        {
  59   2          I2C_SCL=1;
  60   2          if(I2C_SDA){Byte|=(0x80>>i);}
  61   2          I2C_SCL=0;
  62   2        }
  63   1        return Byte;
  64   1      }
  65          
  66          /**
  67            * @brief  I2C发送应答
  68            * @param  AckBit 应答位，0为应答，1为非应答
  69            * @retval 无
  70            */
  71          void I2C_SendAck(unsigned char AckBit)
  72          {
  73   1        I2C_SDA=AckBit;
  74   1        I2C_SCL=1;
  75   1        I2C_SCL=0;
  76   1      }
  77          
  78          /**
  79            * @brief  I2C接收应答位
  80            * @param  无
  81            * @retval 接收到的应答位，0为应答，1为非应答
  82            */
  83          unsigned char I2C_ReceiveAck(void)
  84          {
  85   1        unsigned char AckBit;
  86   1        I2C_SDA=1;
  87   1        I2C_SCL=1;
  88   1        AckBit=I2C_SDA;
  89   1        I2C_SCL=0;
  90   1        return AckBit;
  91   1      }


MODULE INFORMATION:   STATIC OVERLAYABLE
   CODE SIZE        =    109    ----
   CONSTANT SIZE    =   ----    ----
   XDATA SIZE       =   ----    ----
   PDATA SIZE       =   ----    ----
   DATA SIZE        =   ----    ----
   IDATA SIZE       =   ----    ----
   BIT SIZE         =   ----    ----
END OF MODULE INFORMATION.


C51 COMPILATION COMPLETE.  0 WARNING(S),  0 ERROR(S)
