C51 COMPILER V9.54   KEY                                                                   12/12/2022 18:58:13 PAGE 1   


C51 COMPILER V9.54, COMPILATION OF MODULE KEY
OBJECT MODULE PLACED IN .\Objects\Key.obj
COMPILER INVOKED BY: E:\k51\C51\BIN\C51.EXE Key.c OPTIMIZE(8,SPEED) BROWSE DEBUG OBJECTEXTEND PRINT(.\Listings\Key.lst) 
                    -TABS(2) OBJECT(.\Objects\Key.obj)

line level    source

   1          #include <REGX52.H>
   2          #include "Delay.h"
   3          
   4          unsigned char Key_KeyNumber;
   5          
   6          /**
   7            * @brief  è·å–æŒ‰é”®é”®ç 
   8            * @param  æ— 
   9            * @retval æŒ‰ä¸‹æŒ‰é”®çš„é”®ç ï¼ŒèŒƒå›´ï¼š0,1~4,0è¡¨ç¤ºæ— æŒ‰é”®æŒ‰ä¸‹
  10            */
  11          unsigned char Key(void)
  12          {
  13   1        unsigned char Temp=0;
  14   1        Temp=Key_KeyNumber;
  15   1        Key_KeyNumber=0;
  16   1        return Temp;
  17   1      }
  18          
  19          /**
  20            * @brief  è·å–å½“å‰æŒ‰é”®çš„çŠ¶æ€ï¼Œæ— æ¶ˆæŠ–åŠæ¾æ‰‹æ£€æµ‹
  21            * @param  æ— 
  22            * @retval æŒ‰ä¸‹æŒ‰é”®çš„é”®ç ï¼ŒèŒƒå›´ï¼š0,1~4,0è¡¨ç¤ºæ— æŒ‰é”®æŒ‰ä¸‹
  23            */
  24          unsigned char Key_GetState()
  25          {
  26   1        unsigned char KeyNumber=0;
  27   1        
  28   1        if(P3_1==0){KeyNumber=1;}
  29   1        if(P3_0==0){KeyNumber=2;}
  30   1        if(P3_2==0){KeyNumber=3;}
  31   1        if(P3_3==0){KeyNumber=4;}
  32   1        
  33   1        return KeyNumber;
  34   1      }
  35          
  36          /**
  37            * @brief  æŒ‰é”®é©±åŠ¨å‡½æ•°ï¼Œåœ¨ä¸­æ–­ä¸­è°ƒç”¨
  38            * @param  æ— 
  39            * @retval æ— 
  40            */
  41          void Key_Loop(void)
  42          {
  43   1        static unsigned char NowState,LastState;
  44   1        LastState=NowState;       //æŒ‰é”®çŠ¶æ€æ›´æ–°
  45   1        NowState=Key_GetState();    //è·å–å½“å‰æŒ‰é”®çŠ¶æ€
  46   1        //å¦‚æœä¸Šä¸ªæ—¶é—´ç‚¹æŒ‰é”®æŒ‰ä¸‹ï¼Œè¿™ä¸ªæ—¶é—´ç‚¹æœªæŒ‰ä¸‹ï¼Œåˆ™æ˜¯æ¾æ‰‹ç¬é—´ï¼Œä»¥æ­¤é¿å…æ¶ˆæŠ–å
             -’Œæ¾æ‰‹æ£€æµ‹
  47   1        if(LastState==1 && NowState==0)
  48   1        {
  49   2          Key_KeyNumber=1;
  50   2        }
  51   1        if(LastState==2 && NowState==0)
  52   1        {
  53   2          Key_KeyNumber=2;
C51 COMPILER V9.54   KEY                                                                   12/12/2022 18:58:13 PAGE 2   

  54   2        }
  55   1        if(LastState==3 && NowState==0)
  56   1        {
  57   2          Key_KeyNumber=3;
  58   2        }
  59   1        if(LastState==4 && NowState==0)
  60   1        {
  61   2          Key_KeyNumber=4;
  62   2        }
  63   1      }


MODULE INFORMATION:   STATIC OVERLAYABLE
   CODE SIZE        =     85    ----
   CONSTANT SIZE    =   ----    ----
   XDATA SIZE       =   ----    ----
   PDATA SIZE       =   ----    ----
   DATA SIZE        =      3    ----
   IDATA SIZE       =   ----    ----
   BIT SIZE         =   ----    ----
END OF MODULE INFORMATION.


C51 COMPILATION COMPLETE.  0 WARNING(S),  0 ERROR(S)
