C51 COMPILER V9.54   MAIN                                                                  12/13/2022 16:14:13 PAGE 1   


C51 COMPILER V9.54, COMPILATION OF MODULE MAIN
OBJECT MODULE PLACED IN .\Objects\main.obj
COMPILER INVOKED BY: E:\k51\C51\BIN\C51.EXE main.c OPTIMIZE(8,SPEED) BROWSE DEBUG OBJECTEXTEND PRINT(.\Listings\main.lst
                    -) TABS(2) OBJECT(.\Objects\main.obj)

line level    source

   1          #include <REGX52.H>
   2          
   3          sbit LED=P2^0;
   4          
   5          void Delay(unsigned int t)
   6          {
   7   1        while(t--);
   8   1      }
   9          
  10          void main()
  11          {
  12   1        unsigned char Time,i;
  13   1        
  14   1        while(1)
  15   1        {
  16   2          for(Time=0;Time<100;Time++)
  17   2          {
  18   3            for(i=0;i<20;i++)
  19   3            {
  20   4              LED=0;
  21   4              Delay(Time);
  22   4              LED=1;
  23   4              Delay(100-Time);        
  24   4            }   
  25   3          }
  26   2          
  27   2          for(Time=100;Time>0;Time--)
  28   2          {
  29   3            for(i=0;i<20;i++)
  30   3            {
  31   4              LED=0;
  32   4              Delay(Time);
  33   4              LED=1;
  34   4              Delay(100-Time);        
  35   4            }   
  36   3          }
  37   2        }
  38   1      }


MODULE INFORMATION:   STATIC OVERLAYABLE
   CODE SIZE        =     68    ----
   CONSTANT SIZE    =   ----    ----
   XDATA SIZE       =   ----    ----
   PDATA SIZE       =   ----    ----
   DATA SIZE        =   ----    ----
   IDATA SIZE       =   ----    ----
   BIT SIZE         =   ----    ----
END OF MODULE INFORMATION.


C51 COMPILATION COMPLETE.  0 WARNING(S),  0 ERROR(S)
