C51 COMPILER V9.54   MAIN                                                                  12/04/2022 12:47:38 PAGE 1   


C51 COMPILER V9.54, COMPILATION OF MODULE MAIN
OBJECT MODULE PLACED IN .\Objects\main.obj
COMPILER INVOKED BY: E:\k51\C51\BIN\C51.EXE main.c OPTIMIZE(8,SPEED) BROWSE DEBUG OBJECTEXTEND PRINT(.\Listings\main.lst
                    -) TABS(2) OBJECT(.\Objects\main.obj)

line level    source

   1          #include <REGX52.H>
   2          void Delay1ms(unsigned int xms)   //@11.0592MHz
   3          {
   4   1        unsigned char i, j;
   5   1        while(xms)
   6   1        {
   7   2            i = 2;
   8   2            j = 199;
   9   2            do
  10   2            {
  11   3              while (--j);
  12   3            } while (--i);  
  13   2            xms--;
  14   2        }
  15   1      } 
  16          void main()
  17          {
  18   1        unsigned char LEDNum = 0;
  19   1        P2 = ~0x01;
  20   1        while(1)
  21   1        {
  22   2          if(P3_1==0)
  23   2          {
  24   3            Delay1ms(20);
  25   3            while(P3_1==0);
  26   3            Delay1ms(20);
  27   3            
  28   3            LEDNum++;
  29   3            if (LEDNum>=8)
  30   3              LEDNum=0;
  31   3            
  32   3            P2=~(0x01<<LEDNum);
  33   3          }
  34   2          
  35   2          if(P3_0==0)
  36   2          {
  37   3            Delay1ms(20);
  38   3            while(P3_0==0);
  39   3            Delay1ms(20);
  40   3            
  41   3            if(LEDNum==0)
  42   3              LEDNum=7;
  43   3            else
  44   3              LEDNum--;
  45   3            
  46   3            P2=~(0x01<<LEDNum);
  47   3          }
  48   2        }
  49   1      }
  50          


MODULE INFORMATION:   STATIC OVERLAYABLE
   CODE SIZE        =    100    ----
C51 COMPILER V9.54   MAIN                                                                  12/04/2022 12:47:38 PAGE 2   

   CONSTANT SIZE    =   ----    ----
   XDATA SIZE       =   ----    ----
   PDATA SIZE       =   ----    ----
   DATA SIZE        =   ----    ----
   IDATA SIZE       =   ----    ----
   BIT SIZE         =   ----    ----
END OF MODULE INFORMATION.


C51 COMPILATION COMPLETE.  0 WARNING(S),  0 ERROR(S)
