C51 COMPILER V9.54   KEY                                                                   12/05/2022 23:16:34 PAGE 1   


C51 COMPILER V9.54, COMPILATION OF MODULE KEY
OBJECT MODULE PLACED IN .\Objects\Key.obj
COMPILER INVOKED BY: E:\k51\C51\BIN\C51.EXE Key.c OPTIMIZE(8,SPEED) BROWSE DEBUG OBJECTEXTEND PRINT(.\Listings\Key.lst) 
                    -TABS(2) OBJECT(.\Objects\Key.obj)

line level    source

   1          #include <REGX52.H>
   2          #include "Delay.h"
   3          
   4          
   5          unsigned char Key()
   6          {
   7   1        unsigned char KeyNum=0;
   8   1        
   9   1        if(P3_1==0) {Delay(20);while(P3_1==0);Delay(20);KeyNum=1;}
  10   1        if(P3_0==0) {Delay(20);while(P3_0==0);Delay(20);KeyNum=2;}
  11   1        if(P3_2==0) {Delay(20);while(P3_2==0);Delay(20);KeyNum=3;}
  12   1        if(P3_3==0) {Delay(20);while(P3_3==0);Delay(20);KeyNum=4;}
  13   1        
  14   1        return KeyNum;
  15   1      }


MODULE INFORMATION:   STATIC OVERLAYABLE
   CODE SIZE        =     97    ----
   CONSTANT SIZE    =   ----    ----
   XDATA SIZE       =   ----    ----
   PDATA SIZE       =   ----    ----
   DATA SIZE        =   ----       1
   IDATA SIZE       =   ----    ----
   BIT SIZE         =   ----    ----
END OF MODULE INFORMATION.


C51 COMPILATION COMPLETE.  0 WARNING(S),  0 ERROR(S)
