C51 COMPILER V9.54   MAIN                                                                  12/05/2022 23:52:46 PAGE 1   


C51 COMPILER V9.54, COMPILATION OF MODULE MAIN
OBJECT MODULE PLACED IN .\Objects\main.obj
COMPILER INVOKED BY: E:\k51\C51\BIN\C51.EXE main.c OPTIMIZE(8,SPEED) BROWSE DEBUG OBJECTEXTEND PRINT(.\Listings\main.lst
                    -) TABS(2) OBJECT(.\Objects\main.obj)

line level    source

   1          #include <REGX52.H>
   2          #include "Timer0.h"
   3          #include "Key.h"
   4          #include "INTRINS.H"
   5          
   6          unsigned char KeyNum,LEDMode;
   7          
   8          void main()
   9          {
  10   1        P2=0xFE;
  11   1          Timer0_Init();
  12   1        while(1)
  13   1        {
  14   2          KeyNum=Key();
  15   2          if (KeyNum)
  16   2          {
  17   3            if(KeyNum==1) 
  18   3            {
  19   4              LEDMode++;
  20   4              if(LEDMode>=2) LEDMode=0;
  21   4            }
  22   3            
  23   3          }
  24   2        }
  25   1      }
  26          
  27          void Timer0_Routine() interrupt 1
  28          {
  29   1          static unsigned int T0Count;
  30   1        TL0 = 0x18;
  31   1        TH0 = 0xFC;
  32   1        T0Count++;
  33   1        if (T0Count>=500)
  34   1        {
  35   2            T0Count=0;
  36   2            if(LEDMode==0)
  37   2              P2=_crol_(P2,1);  //向左移位，并且循环
  38   2            if(LEDMode==1)
  39   2              P2=_cror_(P2,1);  //向右移位，并且循环
  40   2        }
  41   1      
  42   1      }


MODULE INFORMATION:   STATIC OVERLAYABLE
   CODE SIZE        =    116    ----
   CONSTANT SIZE    =   ----    ----
   XDATA SIZE       =   ----    ----
   PDATA SIZE       =   ----    ----
   DATA SIZE        =      4    ----
   IDATA SIZE       =   ----    ----
   BIT SIZE         =   ----    ----
END OF MODULE INFORMATION.


C51 COMPILATION COMPLETE.  0 WARNING(S),  0 ERROR(S)
