C51 COMPILER V9.54   TIMER0                                                                12/05/2022 23:04:47 PAGE 1   


C51 COMPILER V9.54, COMPILATION OF MODULE TIMER0
OBJECT MODULE PLACED IN .\Objects\Timer0.obj
COMPILER INVOKED BY: E:\k51\C51\BIN\C51.EXE Timer0.c OPTIMIZE(8,SPEED) BROWSE DEBUG OBJECTEXTEND PRINT(.\Listings\Timer0
                    -.lst) TABS(2) OBJECT(.\Objects\Timer0.obj)

line level    source

   1          #include <REGX52.H>
   2          
   3          //Function Definition
   4          /**
   5            * @brief 
   6            * @param  
   7            * @retval 
   8            */
   9          void Timer0_Init()    //1??@11.0592MHz
  10          {
  11   1        TMOD &= 0xF0;   //???????
  12   1        TMOD |= 0x01;   //???????
  13   1        TL0 = 0x66;   //??????
  14   1        TH0 = 0xFC;   //??????
  15   1        TF0 = 0;    //??TF0??
  16   1        TR0 = 1;    //???0????
  17   1        
  18   1        ET0=1;
  19   1        EA=1;
  20   1        PT0=0;
  21   1      }


MODULE INFORMATION:   STATIC OVERLAYABLE
   CODE SIZE        =     23    ----
   CONSTANT SIZE    =   ----    ----
   XDATA SIZE       =   ----    ----
   PDATA SIZE       =   ----    ----
   DATA SIZE        =   ----    ----
   IDATA SIZE       =   ----    ----
   BIT SIZE         =   ----    ----
END OF MODULE INFORMATION.


C51 COMPILATION COMPLETE.  0 WARNING(S),  0 ERROR(S)
