C51 COMPILER V9.54   LCD1602                                                               12/06/2022 07:53:15 PAGE 1   


C51 COMPILER V9.54, COMPILATION OF MODULE LCD1602
OBJECT MODULE PLACED IN .\Objects\LCD1602.obj
COMPILER INVOKED BY: E:\k51\C51\BIN\C51.EXE ..\5-2 LCD1602µ÷ÊÔ¹¤¾ß\LCD1602.c OPTIMIZE(8,SPEED) BROWSE DEBUG OBJECTEXTEND
                    - PRINT(.\Listings\LCD1602.lst) TABS(2) OBJECT(.\Objects\LCD1602.obj)

line level    source

   1          #include <REGX52.H>
   2          
   3          //å¼•è„šé…ç½®ï¼š
   4          sbit LCD_RS=P2^6;
   5          sbit LCD_RW=P2^5;
   6          sbit LCD_EN=P2^7;
   7          #define LCD_DataPort P0
   8          
   9          //å‡½æ•°å®šä¹‰ï¼š
  10          /**
  11            * @brief  LCD1602å»¶æ—¶å‡½æ•°ï¼Œ12MHzè°ƒç”¨å¯å»¶æ—¶1ms
  12            * @param  æ— 
  13            * @retval æ— 
  14            */
  15          void LCD_Delay()
  16          {
  17   1        unsigned char i, j;
  18   1      
  19   1        i = 2;
  20   1        j = 239;
  21   1        do
  22   1        {
  23   2          while (--j);
  24   2        } while (--i);
  25   1      }
  26          
  27          /**
  28            * @brief  LCD1602å†™å‘½ä»¤
  29            * @param  Command è¦å†™å…¥çš„å‘½ä»¤
  30            * @retval æ— 
  31            */
  32          void LCD_WriteCommand(unsigned char Command)
  33          {
  34   1        LCD_RS=0;
  35   1        LCD_RW=0;
  36   1        LCD_DataPort=Command;
  37   1        LCD_EN=1;
  38   1        LCD_Delay();
  39   1        LCD_EN=0;
  40   1        LCD_Delay();
  41   1      }
  42          
  43          /**
  44            * @brief  LCD1602å†™æ•°æ®
  45            * @param  Data è¦å†™å…¥çš„æ•°æ®
  46            * @retval æ— 
  47            */
  48          void LCD_WriteData(unsigned char Data)
  49          {
  50   1        LCD_RS=1;
  51   1        LCD_RW=0;
  52   1        LCD_DataPort=Data;
  53   1        LCD_EN=1;
  54   1        LCD_Delay();
C51 COMPILER V9.54   LCD1602                                                               12/06/2022 07:53:15 PAGE 2   

  55   1        LCD_EN=0;
  56   1        LCD_Delay();
  57   1      }
  58          
  59          /**
  60            * @brief  LCD1602è®¾ç½®å…‰æ ‡ä½ç½®
  61            * @param  Line è¡Œä½ç½®ï¼ŒèŒƒå›´ï¼š1~2
  62            * @param  Column åˆ—ä½ç½®ï¼ŒèŒƒå›´ï¼š1~16
  63            * @retval æ— 
  64            */
  65          void LCD_SetCursor(unsigned char Line,unsigned char Column)
  66          {
  67   1        if(Line==1)
  68   1        {
  69   2          LCD_WriteCommand(0x80|(Column-1));
  70   2        }
  71   1        else if(Line==2)
  72   1        {
  73   2          LCD_WriteCommand(0x80|(Column-1+0x40));
  74   2        }
  75   1      }
  76          
  77          /**
  78            * @brief  LCD1602åˆå§‹åŒ–å‡½æ•°
  79            * @param  æ— 
  80            * @retval æ— 
  81            */
  82          void LCD_Init()
  83          {
  84   1        LCD_WriteCommand(0x38);//å…«ä½æ•°æ®æ¥å£ï¼Œä¸¤è¡Œæ˜¾ç¤ºï¼Œ5*7ç‚¹é˜µ
  85   1        LCD_WriteCommand(0x0c);//æ˜¾ç¤ºå¼€ï¼Œå…‰æ ‡å…³ï¼Œé—ªçƒå…³
  86   1        LCD_WriteCommand(0x06);//æ•°æ®è¯»å†™æ“ä½œåï¼Œå…‰æ ‡è‡ªåŠ¨åŠ ä¸€ï¼Œç”»é¢ä¸åŠ¨
  87   1        LCD_WriteCommand(0x01);//å…‰æ ‡å¤ä½ï¼Œæ¸…å±
  88   1      }
  89          
  90          /**
  91            * @brief  åœ¨LCD1602æŒ‡å®šä½ç½®ä¸Šæ˜¾ç¤ºä¸€ä¸ªå­—ç¬¦
  92            * @param  Line è¡Œä½ç½®ï¼ŒèŒƒå›´ï¼š1~2
  93            * @param  Column åˆ—ä½ç½®ï¼ŒèŒƒå›´ï¼š1~16
  94            * @param  Char è¦æ˜¾ç¤ºçš„å­—ç¬¦
  95            * @retval æ— 
  96            */
  97          void LCD_ShowChar(unsigned char Line,unsigned char Column,char Char)
  98          {
  99   1        LCD_SetCursor(Line,Column);
 100   1        LCD_WriteData(Char);
 101   1      }
 102          
 103          /**
 104            * @brief  åœ¨LCD1602æŒ‡å®šä½ç½®å¼€å§‹æ˜¾ç¤ºæ‰€ç»™å­—ç¬¦ä¸²
 105            * @param  Line èµ·å§‹è¡Œä½ç½®ï¼ŒèŒƒå›´ï¼š1~2
 106            * @param  Column èµ·å§‹åˆ—ä½ç½®ï¼ŒèŒƒå›´ï¼š1~16
 107            * @param  String è¦æ˜¾ç¤ºçš„å­—ç¬¦ä¸²
 108            * @retval æ— 
 109            */
 110          void LCD_ShowString(unsigned char Line,unsigned char Column,char *String)
 111          {
 112   1        unsigned char i;
 113   1        LCD_SetCursor(Line,Column);
 114   1        for(i=0;String[i]!='\0';i++)
 115   1        {
 116   2          LCD_WriteData(String[i]);
C51 COMPILER V9.54   LCD1602                                                               12/06/2022 07:53:15 PAGE 3   

 117   2        }
 118   1      }
 119          
 120          /**
 121            * @brief  è¿”å›å€¼=Xçš„Yæ¬¡æ–¹
 122            */
 123          int LCD_Pow(int X,int Y)
 124          {
 125   1        unsigned char i;
 126   1        int Result=1;
 127   1        for(i=0;i<Y;i++)
 128   1        {
 129   2          Result*=X;
 130   2        }
 131   1        return Result;
 132   1      }
 133          
 134          /**
 135            * @brief  åœ¨LCD1602æŒ‡å®šä½ç½®å¼€å§‹æ˜¾ç¤ºæ‰€ç»™æ•°å­—
 136            * @param  Line èµ·å§‹è¡Œä½ç½®ï¼ŒèŒƒå›´ï¼š1~2
 137            * @param  Column èµ·å§‹åˆ—ä½ç½®ï¼ŒèŒƒå›´ï¼š1~16
 138            * @param  Number è¦æ˜¾ç¤ºçš„æ•°å­—ï¼ŒèŒƒå›´ï¼š0~65535
 139            * @param  Length è¦æ˜¾ç¤ºæ•°å­—çš„é•¿åº¦ï¼ŒèŒƒå›´ï¼š1~5
 140            * @retval æ— 
 141            */
 142          void LCD_ShowNum(unsigned char Line,unsigned char Column,unsigned int Number,unsigned char Length)
 143          {
 144   1        unsigned char i;
 145   1        LCD_SetCursor(Line,Column);
 146   1        for(i=Length;i>0;i--)
 147   1        {
 148   2          LCD_WriteData(Number/LCD_Pow(10,i-1)%10+'0');
 149   2        }
 150   1      }
 151          
 152          /**
 153            * @brief  åœ¨LCD1602æŒ‡å®šä½ç½®å¼€å§‹ä»¥æœ‰ç¬¦å·åè¿›åˆ¶æ˜¾ç¤ºæ‰€ç»™æ•°å­—
 154            * @param  Line èµ·å§‹è¡Œä½ç½®ï¼ŒèŒƒå›´ï¼š1~2
 155            * @param  Column èµ·å§‹åˆ—ä½ç½®ï¼ŒèŒƒå›´ï¼š1~16
 156            * @param  Number è¦æ˜¾ç¤ºçš„æ•°å­—ï¼ŒèŒƒå›´ï¼š-32768~32767
 157            * @param  Length è¦æ˜¾ç¤ºæ•°å­—çš„é•¿åº¦ï¼ŒèŒƒå›´ï¼š1~5
 158            * @retval æ— 
 159            */
 160          void LCD_ShowSignedNum(unsigned char Line,unsigned char Column,int Number,unsigned char Length)
 161          {
 162   1        unsigned char i;
 163   1        unsigned int Number1;
 164   1        LCD_SetCursor(Line,Column);
 165   1        if(Number>=0)
 166   1        {
 167   2          LCD_WriteData('+');
 168   2          Number1=Number;
 169   2        }
 170   1        else
 171   1        {
 172   2          LCD_WriteData('-');
 173   2          Number1=-Number;
 174   2        }
 175   1        for(i=Length;i>0;i--)
 176   1        {
 177   2          LCD_WriteData(Number1/LCD_Pow(10,i-1)%10+'0');
 178   2        }
C51 COMPILER V9.54   LCD1602                                                               12/06/2022 07:53:15 PAGE 4   

 179   1      }
 180          
 181          /**
 182            * @brief  åœ¨LCD1602æŒ‡å®šä½ç½®å¼€å§‹ä»¥åå…­è¿›åˆ¶æ˜¾ç¤ºæ‰€ç»™æ•°å­—
 183            * @param  Line èµ·å§‹è¡Œä½ç½®ï¼ŒèŒƒå›´ï¼š1~2
 184            * @param  Column èµ·å§‹åˆ—ä½ç½®ï¼ŒèŒƒå›´ï¼š1~16
 185            * @param  Number è¦æ˜¾ç¤ºçš„æ•°å­—ï¼ŒèŒƒå›´ï¼š0~0xFFFF
 186            * @param  Length è¦æ˜¾ç¤ºæ•°å­—çš„é•¿åº¦ï¼ŒèŒƒå›´ï¼š1~4
 187            * @retval æ— 
 188            */
 189          void LCD_ShowHexNum(unsigned char Line,unsigned char Column,unsigned int Number,unsigned char Length)
 190          {
 191   1        unsigned char i,SingleNumber;
 192   1        LCD_SetCursor(Line,Column);
 193   1        for(i=Length;i>0;i--)
 194   1        {
 195   2          SingleNumber=Number/LCD_Pow(16,i-1)%16;
 196   2          if(SingleNumber<10)
 197   2          {
 198   3            LCD_WriteData(SingleNumber+'0');
 199   3          }
 200   2          else
 201   2          {
 202   3            LCD_WriteData(SingleNumber-10+'A');
 203   3          }
 204   2        }
 205   1      }
 206          
 207          /**
 208            * @brief  åœ¨LCD1602æŒ‡å®šä½ç½®å¼€å§‹ä»¥äºŒè¿›åˆ¶æ˜¾ç¤ºæ‰€ç»™æ•°å­—
 209            * @param  Line èµ·å§‹è¡Œä½ç½®ï¼ŒèŒƒå›´ï¼š1~2
 210            * @param  Column èµ·å§‹åˆ—ä½ç½®ï¼ŒèŒƒå›´ï¼š1~16
 211            * @param  Number è¦æ˜¾ç¤ºçš„æ•°å­—ï¼ŒèŒƒå›´ï¼š0~1111 1111 1111 1111
 212            * @param  Length è¦æ˜¾ç¤ºæ•°å­—çš„é•¿åº¦ï¼ŒèŒƒå›´ï¼š1~16
 213            * @retval æ— 
 214            */
 215          void LCD_ShowBinNum(unsigned char Line,unsigned char Column,unsigned int Number,unsigned char Length)
 216          {
 217   1        unsigned char i;
 218   1        LCD_SetCursor(Line,Column);
 219   1        for(i=Length;i>0;i--)
 220   1        {
 221   2          LCD_WriteData(Number/LCD_Pow(2,i-1)%2+'0');
 222   2        }
 223   1      }


MODULE INFORMATION:   STATIC OVERLAYABLE
   CODE SIZE        =    393    ----
   CONSTANT SIZE    =   ----    ----
   XDATA SIZE       =   ----    ----
   PDATA SIZE       =   ----    ----
   DATA SIZE        =   ----      29
   IDATA SIZE       =   ----    ----
   BIT SIZE         =   ----    ----
END OF MODULE INFORMATION.


C51 COMPILATION COMPLETE.  0 WARNING(S),  0 ERROR(S)
