C51 COMPILER V9.54   MAIN                                                                  12/04/2022 08:10:32 PAGE 1   


C51 COMPILER V9.54, COMPILATION OF MODULE MAIN
OBJECT MODULE PLACED IN .\Objects\main.obj
COMPILER INVOKED BY: E:\k51\C51\BIN\C51.EXE main.c OPTIMIZE(8,SPEED) BROWSE DEBUG OBJECTEXTEND PRINT(.\Listings\main.lst
                    -) TABS(2) OBJECT(.\Objects\main.obj)

line level    source

   1          #include <REGX52.H>
   2          
   3          void main()
   4          {
   5   1        //P2 = 0xFE;
   6   1        P2_0 = 1;
   7   1        while(1)
   8   1        {
   9   2          if(P3_1==0) //P31控制按键K1
  10   2          {
  11   3            P2_0 = 0; //P2_0为第一个LED
  12   3          }
  13   2          else
  14   2          {
  15   3            P2_0=1;
  16   3          }
  17   2          
  18   2          if (P3_0==0)
  19   2          {
  20   3            P2_1 = 0;
  21   3          }else
  22   2          {
  23   3            P2_1 = 1;
  24   3          } 
  25   2        }
  26   1      } 


MODULE INFORMATION:   STATIC OVERLAYABLE
   CODE SIZE        =     22    ----
   CONSTANT SIZE    =   ----    ----
   XDATA SIZE       =   ----    ----
   PDATA SIZE       =   ----    ----
   DATA SIZE        =   ----    ----
   IDATA SIZE       =   ----    ----
   BIT SIZE         =   ----    ----
END OF MODULE INFORMATION.


C51 COMPILATION COMPLETE.  0 WARNING(S),  0 ERROR(S)
