C51 COMPILER V9.54   NIXIE                                                                 12/12/2022 00:41:18 PAGE 1   


C51 COMPILER V9.54, COMPILATION OF MODULE NIXIE
OBJECT MODULE PLACED IN .\Objects\Nixie.obj
COMPILER INVOKED BY: E:\k51\C51\BIN\C51.EXE Nixie.c OPTIMIZE(8,SPEED) BROWSE DEBUG OBJECTEXTEND PRINT(.\Listings\Nixie.l
                    -st) TABS(2) OBJECT(.\Objects\Nixie.obj)

line level    source

   1          #include <REGX52.H>
   2          #include "Delay.h"
   3          
   4          //数码管显示缓存区
   5          unsigned char Nixie_Buf[9]={0,10,10,10,10,10,10,10,10};
   6          
   7          //数码管段码表
   8          unsigned char NixieTable[]={0x3F,0x06,0x5B,0x4F,0x66,0x6D,0x7D,0x07,0x7F,0x6F,0x00,0x40};
   9          
  10          /**
  11            * @brief  设置显示缓存区
  12            * @param  Location 要设置的位置，范围：1~8
  13            * @param  Number 要设置的数字，范围：段码表索引范围
  14            * @retval 无
  15            */
  16          void Nixie_SetBuf(unsigned char Location,Number)
  17          {
  18   1        Nixie_Buf[Location]=Number;
  19   1      }
  20          
  21          /**
  22            * @brief  数码管扫描显示
  23            * @param  Location 要显示的位置，范围：1~8
  24            * @param  Number 要显示的数字，范围：段码表索引范围
  25            * @retval 无
  26            */
  27          void Nixie_Scan(unsigned char Location,Number)
  28          {
  29   1        P0=0x00;        //段码清0，消影
  30   1        switch(Location)    //位码输出
  31   1        {
  32   2          case 1:P2_4=1;P2_3=1;P2_2=1;break;
  33   2          case 2:P2_4=1;P2_3=1;P2_2=0;break;
  34   2          case 3:P2_4=1;P2_3=0;P2_2=1;break;
  35   2          case 4:P2_4=1;P2_3=0;P2_2=0;break;
  36   2          case 5:P2_4=0;P2_3=1;P2_2=1;break;
  37   2          case 6:P2_4=0;P2_3=1;P2_2=0;break;
  38   2          case 7:P2_4=0;P2_3=0;P2_2=1;break;
  39   2          case 8:P2_4=0;P2_3=0;P2_2=0;break;
  40   2        }
  41   1        P0=NixieTable[Number];  //段码输出
  42   1      }
  43          
  44          /**
  45            * @brief  数码管驱动函数，在中断中调用
  46            * @param  无
  47            * @retval 无
  48            */
  49          void Nixie_Loop(void)
  50          {
  51   1        static unsigned char i=1;
  52   1        Nixie_Scan(i,Nixie_Buf[i]);
  53   1        i++;
  54   1        if(i>=9){i=1;}
C51 COMPILER V9.54   NIXIE                                                                 12/12/2022 00:41:18 PAGE 2   

  55   1      }


MODULE INFORMATION:   STATIC OVERLAYABLE
   CODE SIZE        =    138    ----
   CONSTANT SIZE    =   ----    ----
   XDATA SIZE       =   ----    ----
   PDATA SIZE       =   ----    ----
   DATA SIZE        =     22    ----
   IDATA SIZE       =   ----    ----
   BIT SIZE         =   ----    ----
END OF MODULE INFORMATION.


C51 COMPILATION COMPLETE.  0 WARNING(S),  0 ERROR(S)
