C51 COMPILER V9.54   MAIN                                                                  12/03/2022 23:51:15 PAGE 1   


C51 COMPILER V9.54, COMPILATION OF MODULE MAIN
OBJECT MODULE PLACED IN .\Objects\main.obj
COMPILER INVOKED BY: E:\k51\C51\BIN\C51.EXE main.c OPTIMIZE(8,SPEED) BROWSE DEBUG OBJECTEXTEND PRINT(.\Listings\main.lst
                    -) TABS(2) OBJECT(.\Objects\main.obj)

line level    source

   1          #include <REGX52.H>
   2          void Delay1ms(unsigned int xms)   //@11.0592MHz
   3          {
   4   1        unsigned char i, j;
   5   1        while(xms)
   6   1        {
   7   2          
   8   2          i = 2;
   9   2          j = 199;
  10   2          do
  11   2          {
  12   3            while (--j);
  13   3          } while (--i);
  14   2          xms--;
  15   2        }
  16   1      }
  17          
  18          void main()
  19          {
  20   1        while(1)
  21   1          {
  22   2            P2 = 0xFE; //1111 1110
  23   2            Delay1ms(500);
  24   2            P2 = 0xFD; //1111 1101
  25   2            Delay1ms(100);
  26   2            P2 = 0xFB; //1111 1011
  27   2            Delay1ms(1000);
  28   2            P2 = 0xF7; //1111 0111
  29   2            Delay1ms(500);
  30   2            P2 = 0xEF; //1110 1111
  31   2            Delay1ms(200);
  32   2            P2 = 0xDF; //1101 1111
  33   2            Delay1ms(500);
  34   2            P2 = 0xBF; //1011 1111
  35   2            Delay1ms(900);
  36   2            P2 = 0x7F; //0111 1111
  37   2            Delay1ms(500);
  38   2          }
  39   1        Delay1ms(500);
  40   1      }
*** WARNING C294 IN LINE 39 OF main.c: unreachable code


MODULE INFORMATION:   STATIC OVERLAYABLE
   CODE SIZE        =     90    ----
   CONSTANT SIZE    =   ----    ----
   XDATA SIZE       =   ----    ----
   PDATA SIZE       =   ----    ----
   DATA SIZE        =   ----    ----
   IDATA SIZE       =   ----    ----
   BIT SIZE         =   ----    ----
END OF MODULE INFORMATION.


C51 COMPILATION COMPLETE.  1 WARNING(S),  0 ERROR(S)
