C51 COMPILER V9.54   MAIN                                                                  12/13/2022 17:38:52 PAGE 1   


C51 COMPILER V9.54, COMPILATION OF MODULE MAIN
OBJECT MODULE PLACED IN .\Objects\main.obj
COMPILER INVOKED BY: E:\k51\C51\BIN\C51.EXE main.c OPTIMIZE(8,SPEED) BROWSE DEBUG OBJECTEXTEND PRINT(.\Listings\main.lst
                    -) TABS(2) OBJECT(.\Objects\main.obj)

line level    source

   1          #include <REGX52.H>
   2          #include "Delay.h"
   3          #include "Key.h"
   4          #include "Nixie.h"
   5          #include "Timer0.h"
   6          
   7          sbit Motor=P1^0;  //给1电机转
   8          
   9          unsigned char Counter,Compare;
  10          unsigned char KeyNum,Speed;
  11          
  12          void main()
  13          {
  14   1        Timer0_Init();
  15   1        Compare=90;
  16   1        while(1)
  17   1        {
  18   2          KeyNum=Key();
  19   2          if(KeyNum==1)
  20   2          {
  21   3            Speed++;
  22   3            Speed%=4;
  23   3            if(Speed==0) {Compare=0;} 
  24   3            if(Speed==1) {Compare=50;}
  25   3            if(Speed==2) {Compare=75;}
  26   3            if(Speed==3) {Compare=100;}
  27   3          }
  28   2          Nixie(1,Speed); //Speed越大，Compare越大,所占比也就越大
  29   2        }
  30   1      }
  31          
  32          void Timer0_Routine() interrupt 1
  33          {
  34   1        TL0 = 0x9C;   //设置定时初值
  35   1        TH0 = 0xFF;   //设置定时初值
  36   1        Counter++;
  37   1        Counter%=100;
  38   1        if(Counter<Compare)
  39   1        {
  40   2          Motor=1;
  41   2        }
  42   1        else
  43   1        {
  44   2          Motor=0;
  45   2        }
  46   1      }


MODULE INFORMATION:   STATIC OVERLAYABLE
   CODE SIZE        =    107    ----
   CONSTANT SIZE    =   ----    ----
   XDATA SIZE       =   ----    ----
   PDATA SIZE       =   ----    ----
   DATA SIZE        =      4    ----
C51 COMPILER V9.54   MAIN                                                                  12/13/2022 17:38:52 PAGE 2   

   IDATA SIZE       =   ----    ----
   BIT SIZE         =   ----    ----
END OF MODULE INFORMATION.


C51 COMPILATION COMPLETE.  0 WARNING(S),  0 ERROR(S)
