C51 COMPILER V9.54   NIXIE                                                                 12/13/2022 17:07:07 PAGE 1   


C51 COMPILER V9.54, COMPILATION OF MODULE NIXIE
OBJECT MODULE PLACED IN .\Objects\Nixie.obj
COMPILER INVOKED BY: E:\k51\C51\BIN\C51.EXE Nixie.c OPTIMIZE(8,SPEED) BROWSE DEBUG OBJECTEXTEND PRINT(.\Listings\Nixie.l
                    -st) TABS(2) OBJECT(.\Objects\Nixie.obj)

line level    source

   1          #include <REGX52.H>
   2          #include "Delay.h"
   3          
   4          unsigned char NixieTable[]={0x3F,0x06,0x5B,0x4F,0x66,0x6D,0x7D,0x07,
   5          0x7F,0x6F,0x77,0x7C,0x39,0x5E,0x79,0x71,0x00};
   6          
   7          void Nixie(unsigned char Location,Number)
   8          {   
   9   1        switch(Location)
  10   1        {
  11   2          case 1:P2_4=1;P2_3=1;P2_2=1;break;
  12   2          case 2:P2_4=1;P2_3=1;P2_2=0;break;
  13   2          case 3:P2_4=1;P2_3=0;P2_2=1;break;
  14   2          case 4:P2_4=1;P2_3=0;P2_2=0;break;
  15   2          case 5:P2_4=0;P2_3=1;P2_2=1;break;
  16   2          case 6:P2_4=0;P2_3=1;P2_2=0;break;
  17   2          case 7:P2_4=0;P2_3=0;P2_2=1;break;
  18   2          case 8:P2_4=0;P2_3=0;P2_2=0;break;
  19   2        }
  20   1        P0=NixieTable[Number]; 
  21   1        Delay(1); 
  22   1        P0=0x00; 
  23   1      }


MODULE INFORMATION:   STATIC OVERLAYABLE
   CODE SIZE        =    109    ----
   CONSTANT SIZE    =   ----    ----
   XDATA SIZE       =   ----    ----
   PDATA SIZE       =   ----    ----
   DATA SIZE        =     17    ----
   IDATA SIZE       =   ----    ----
   BIT SIZE         =   ----    ----
END OF MODULE INFORMATION.


C51 COMPILATION COMPLETE.  0 WARNING(S),  0 ERROR(S)
