C51 COMPILER V9.54   DELAY                                                                 12/06/2022 11:56:09 PAGE 1   


C51 COMPILER V9.54, COMPILATION OF MODULE DELAY
OBJECT MODULE PLACED IN .\Objects\Delay.obj
COMPILER INVOKED BY: E:\k51\C51\BIN\C51.EXE Delay.c OPTIMIZE(8,SPEED) BROWSE DEBUG OBJECTEXTEND PRINT(.\Listings\Delay.l
                    -st) TABS(2) OBJECT(.\Objects\Delay.obj)

line level    source

   1          //Delay.c
   2          //Function Definition
   3          /**
   4            * @brief 延迟函数
   5            * @param  无
   6            * @retval 1ms
   7            */
   8          void Delay(unsigned int xms)    //@11.0592MHz
   9          {
  10   1        unsigned char i, j;
  11   1        while(xms)
  12   1        {
  13   2            i = 2;
  14   2            j = 199;
  15   2            do
  16   2            {
  17   3              while (--j);
  18   3            } while (--i);  
  19   2            xms--;
  20   2        }
  21   1      } 
  22            


MODULE INFORMATION:   STATIC OVERLAYABLE
   CODE SIZE        =     20    ----
   CONSTANT SIZE    =   ----    ----
   XDATA SIZE       =   ----    ----
   PDATA SIZE       =   ----    ----
   DATA SIZE        =   ----    ----
   IDATA SIZE       =   ----    ----
   BIT SIZE         =   ----    ----
END OF MODULE INFORMATION.


C51 COMPILATION COMPLETE.  0 WARNING(S),  0 ERROR(S)
