C51 COMPILER V9.54   UART                                                                  12/06/2022 12:23:14 PAGE 1   


C51 COMPILER V9.54, COMPILATION OF MODULE UART
OBJECT MODULE PLACED IN .\Objects\UART.obj
COMPILER INVOKED BY: E:\k51\C51\BIN\C51.EXE UART.c OPTIMIZE(8,SPEED) BROWSE DEBUG OBJECTEXTEND PRINT(.\Listings\UART.lst
                    -) TABS(2) OBJECT(.\Objects\UART.obj)

line level    source

   1          #include <REGX52.H>
   2          
   3          void UART_Init()  //初始化
   4          {
   5   1        SCON = 0x40; //0100 0000
   6   1        PCON |= 0x80; 
   7   1        
   8   1        TMOD &= 0x0F; //设置定时器1模式  0000 1111
   9   1        TMOD |= 0x20; //设置定时器1模式  0010 0000
  10   1        TL1 = 0xF4;   //设定定时初值
  11   1        TH1 = 0xF4;   //设定定时器重装值
  12   1        ET1 = 0;    //禁止定时器1中断
  13   1        TR1 = 1;    //启动定时器1
  14   1      
  15   1      }
  16          
  17          void UART_SendByte(unsigned char Byte) //只发送，不接收 
  18          {
  19   1        SBUF = Byte;
  20   1        while(TI==0); //发送成功跳出循环，TI变为1
  21   1        TI = 0;    //重置为0
  22   1      }


MODULE INFORMATION:   STATIC OVERLAYABLE
   CODE SIZE        =     31    ----
   CONSTANT SIZE    =   ----    ----
   XDATA SIZE       =   ----    ----
   PDATA SIZE       =   ----    ----
   DATA SIZE        =   ----    ----
   IDATA SIZE       =   ----    ----
   BIT SIZE         =   ----    ----
END OF MODULE INFORMATION.


C51 COMPILATION COMPLETE.  0 WARNING(S),  0 ERROR(S)
