C51 COMPILER V9.54   MAIN                                                                  12/04/2022 19:46:31 PAGE 1   


C51 COMPILER V9.54, COMPILATION OF MODULE MAIN
OBJECT MODULE PLACED IN .\Objects\MAIN.obj
COMPILER INVOKED BY: E:\k51\C51\BIN\C51.EXE MAIN.c OPTIMIZE(8,SPEED) BROWSE DEBUG OBJECTEXTEND PRINT(.\Listings\MAIN.lst
                    -) TABS(2) OBJECT(.\Objects\MAIN.obj)

line level    source

   1          #include <REGX52.H>
   2          
   3          void Delay1ms(unsigned int xms)   //@11.0592MHz
   4          {
   5   1        unsigned char i, j;
   6   1        while(xms)
   7   1        {
   8   2            i = 2;
   9   2            j = 199;
  10   2            do
  11   2            {
  12   3              while (--j);
  13   3            } while (--i);  
  14   2            xms--;
  15   2        }
  16   1      } 
  17          
  18          unsigned char NixieTable[]={0x3F,0x06,0x5B,0x4F,0x66,0x6D,0x7D,0x07,
  19          0x7F,0x6F,0x77,0x7C,0x39,0x5E,0x79,0x71,0x00};
  20          
  21          void Nixie(unsigned char Location,Number)
  22          {   
  23   1        switch(Location)
  24   1        {
  25   2          case 1:P2_4=1;P2_3=1;P2_2=1;break;
  26   2          case 2:P2_4=1;P2_3=1;P2_2=0;break;
  27   2          case 3:P2_4=1;P2_3=0;P2_2=1;break;
  28   2          case 4:P2_4=1;P2_3=0;P2_2=0;break;
  29   2          case 5:P2_4=0;P2_3=1;P2_2=1;break;
  30   2          case 6:P2_4=0;P2_3=1;P2_2=0;break;
  31   2          case 7:P2_4=0;P2_3=0;P2_2=1;break;
  32   2          case 8:P2_4=0;P2_3=0;P2_2=0;break;
  33   2        }
  34   1        P0=NixieTable[Number];
  35   1        Delay1ms(1);
  36   1        P0=0x00;
  37   1      }
  38          
  39          void main()
  40          {
  41   1      
  42   1        while(1)
  43   1        {
  44   2            Nixie(1,1); 
  45   2            //Delay1ms(500);
  46   2            Nixie(2,2);
  47   2            //Delay1ms(500); 
  48   2            Nixie(3,3);
  49   2            //Delay1ms(500);
  50   2            Nixie(4,4);
  51   2      //      Delay1ms(500);
  52   2            Nixie(5,5);
  53   2      //      Delay1ms(500);
  54   2            Nixie(6,6);
C51 COMPILER V9.54   MAIN                                                                  12/04/2022 19:46:31 PAGE 2   

  55   2      //      Delay1ms(500);
  56   2            Nixie(7,7);
  57   2      //      Delay1ms(500);
  58   2            Nixie(8,8);
  59   2      //      Delay1ms(500);
  60   2        }
  61   1      }


MODULE INFORMATION:   STATIC OVERLAYABLE
   CODE SIZE        =    203    ----
   CONSTANT SIZE    =   ----    ----
   XDATA SIZE       =   ----    ----
   PDATA SIZE       =   ----    ----
   DATA SIZE        =     17    ----
   IDATA SIZE       =   ----    ----
   BIT SIZE         =   ----    ----
END OF MODULE INFORMATION.


C51 COMPILATION COMPLETE.  0 WARNING(S),  0 ERROR(S)
